<?xml version="1.0" encoding="UTF-8"?>
<!-- Generated by org.testng.reporters.JUnitXMLReporter -->
<testsuite ignored="0" hostname="DESKTOP-73G0TGN" failures="0" tests="3" name="Default test" time="79.603" errors="0" timestamp="2023-05-19T08:58:41 IST">
  <testcase classname="basic.LoginDashboard" name="loginTest" time="9.88"/>
  <testcase classname="basic.LoginDashboard" name="dashBoard" time="0.265"/>
  <testcase classname="basic.LoginDashboard" name="payMent" time="0.015"/>
</testsuite> <!-- Default test -->
