<?xml version="1.0" encoding="UTF-8"?>
<testng-results ignored="0" total="3" passed="3" failed="0" skipped="0">
  <reporter-output>
  </reporter-output>
  <suite started-at="2023-05-19T08:57:20 IST" name="Default suite" finished-at="2023-05-19T08:58:40 IST" duration-ms="79603">
    <groups>
    </groups>
    <test started-at="2023-05-19T08:57:20 IST" name="Default test" finished-at="2023-05-19T08:58:40 IST" duration-ms="79603">
      <class name="basic.LoginDashboard">
        <test-method is-config="true" signature="beforeMethod()[pri:0, instance:basic.LoginDashboard@625732]" started-at="2023-05-19T08:57:20 IST" name="beforeMethod" finished-at="2023-05-19T08:58:22 IST" duration-ms="61791" status="PASS">
          <reporter-output>
          </reporter-output>
        </test-method> <!-- beforeMethod -->
        <test-method signature="loginTest()[pri:1, instance:basic.LoginDashboard@625732]" started-at="2023-05-19T08:58:22 IST" name="loginTest" finished-at="2023-05-19T08:58:32 IST" duration-ms="9880" status="PASS">
          <reporter-output>
          </reporter-output>
        </test-method> <!-- loginTest -->
        <test-method signature="dashBoard()[pri:2, instance:basic.LoginDashboard@625732]" started-at="2023-05-19T08:58:32 IST" name="dashBoard" finished-at="2023-05-19T08:58:32 IST" duration-ms="265" status="PASS">
          <reporter-output>
          </reporter-output>
        </test-method> <!-- dashBoard -->
        <test-method signature="payMent()[pri:3, instance:basic.LoginDashboard@625732]" started-at="2023-05-19T08:58:32 IST" name="payMent" finished-at="2023-05-19T08:58:32 IST" duration-ms="15" status="PASS">
          <reporter-output>
          </reporter-output>
        </test-method> <!-- payMent -->
        <test-method is-config="true" signature="afterMethod()[pri:0, instance:basic.LoginDashboard@625732]" started-at="2023-05-19T08:58:32 IST" name="afterMethod" finished-at="2023-05-19T08:58:40 IST" duration-ms="7348" status="PASS">
          <reporter-output>
          </reporter-output>
        </test-method> <!-- afterMethod -->
      </class> <!-- basic.LoginDashboard -->
    </test> <!-- Default test -->
  </suite> <!-- Default suite -->
</testng-results>
